{
  "RSpec": {
    "coverage": {
      "/Users/elina/RubyOnRails/ratebeer/app/models/user.rb": [
        1,
        1,
        null,
        1,
        1,
        1,
        1,
        1,
        null,
        1,
        1,
        null,
        null,
        null,
        null,
        1,
        null,
        1,
        19,
        null,
        14,
        null,
        null,
        1,
        19,
        null,
        14,
        null,
        null,
        1,
        19,
        null,
        14,
        14,
        null,
        null,
        1,
        14,
        14,
        14,
        87,
        43,
        43,
        28,
        null,
        15,
        15,
        null,
        null,
        14,
        null,
        null,
        1,
        14,
        14,
        14,
        87,
        43,
        43,
        1,
        null,
        42,
        42,
        null,
        null,
        14,
        null,
        null,
        1,
        28,
        28,
        57,
        null,
        28,
        null,
        null
      ],
      "/Users/elina/RubyOnRails/ratebeer/app/models/application_record.rb": [
        1,
        1,
        null
      ],
      "/Users/elina/RubyOnRails/ratebeer/app/models/concerns/rating_average.rb": [
        1,
        1,
        null,
        1,
        null,
        14,
        14,
        null,
        null
      ],
      "/Users/elina/RubyOnRails/ratebeer/app/helpers/application_helper.rb": [
        1,
        null
      ],
      "/Users/elina/RubyOnRails/ratebeer/app/helpers/beer_clubs_helper.rb": [
        1,
        null
      ],
      "/Users/elina/RubyOnRails/ratebeer/app/helpers/beers_helper.rb": [
        1,
        null
      ],
      "/Users/elina/RubyOnRails/ratebeer/app/helpers/breweries_helper.rb": [
        1,
        null
      ],
      "/Users/elina/RubyOnRails/ratebeer/app/helpers/memberships_helper.rb": [
        1,
        null
      ],
      "/Users/elina/RubyOnRails/ratebeer/app/helpers/users_helper.rb": [
        1,
        null
      ],
      "/Users/elina/RubyOnRails/ratebeer/app/models/beer.rb": [
        1,
        1,
        1,
        1,
        1,
        null,
        1,
        1,
        null,
        1,
        17,
        null,
        null,
        1,
        null,
        0,
        null,
        0,
        null,
        null
      ],
      "/Users/elina/RubyOnRails/ratebeer/app/controllers/sessions_controller.rb": [
        1,
        1,
        null,
        null,
        1,
        10,
        null,
        10,
        9,
        9,
        null,
        1,
        null,
        null,
        null,
        1,
        0,
        0,
        null,
        null
      ],
      "/Users/elina/RubyOnRails/ratebeer/app/controllers/application_controller.rb": [
        1,
        1,
        null,
        1,
        154,
        null,
        126,
        null,
        null,
        1,
        4,
        null,
        null
      ],
      "/Users/elina/RubyOnRails/ratebeer/app/controllers/users_controller.rb": [
        1,
        1,
        null,
        null,
        null,
        1,
        0,
        null,
        null,
        null,
        null,
        1,
        null,
        null,
        null,
        1,
        1,
        null,
        null,
        null,
        1,
        null,
        null,
        null,
        null,
        1,
        1,
        null,
        1,
        1,
        2,
        1,
        null,
        0,
        0,
        null,
        null,
        null,
        null,
        null,
        null,
        1,
        0,
        0,
        0,
        0,
        null,
        0,
        0,
        null,
        null,
        null,
        null,
        null,
        null,
        1,
        0,
        0,
        0,
        0,
        0,
        0,
        null,
        null,
        null,
        null,
        1,
        null,
        null,
        1,
        16,
        null,
        null,
        null,
        1,
        1,
        null,
        null
      ],
      "/Users/elina/RubyOnRails/ratebeer/app/models/rating.rb": [
        1,
        1,
        1,
        null,
        1,
        null,
        1,
        41,
        null,
        null
      ],
      "/Users/elina/RubyOnRails/ratebeer/app/models/membership.rb": [
        1,
        1,
        1,
        null
      ],
      "/Users/elina/RubyOnRails/ratebeer/app/models/beer_club.rb": [
        1,
        1,
        1,
        null,
        1,
        0,
        null,
        null
      ],
      "/Users/elina/RubyOnRails/ratebeer/app/models/brewery.rb": [
        1,
        1,
        1,
        1,
        null,
        1,
        1,
        null,
        1,
        null,
        1,
        0,
        0,
        0,
        null,
        null,
        1,
        0,
        0,
        null,
        null,
        1,
        50,
        0,
        null,
        null,
        null
      ],
      "/Users/elina/RubyOnRails/ratebeer/app/controllers/beers_controller.rb": [
        1,
        1,
        1,
        1,
        null,
        null,
        null,
        1,
        1,
        null,
        null,
        null,
        null,
        1,
        0,
        0,
        null,
        null,
        null,
        1,
        2,
        null,
        null,
        null,
        null,
        null,
        1,
        null,
        null,
        null,
        null,
        1,
        4,
        4,
        null,
        null,
        null,
        null,
        1,
        2,
        null,
        2,
        2,
        2,
        1,
        null,
        1,
        1,
        2,
        1,
        null,
        null,
        null,
        null,
        null,
        null,
        1,
        0,
        0,
        0,
        0,
        null,
        0,
        0,
        null,
        null,
        null,
        null,
        null,
        null,
        1,
        0,
        0,
        0,
        0,
        null,
        null,
        null,
        1,
        null,
        null,
        1,
        0,
        null,
        null,
        null,
        1,
        2,
        null,
        null
      ],
      "/Users/elina/RubyOnRails/ratebeer/app/controllers/breweries_controller.rb": [
        1,
        1,
        1,
        null,
        null,
        null,
        null,
        1,
        3,
        null,
        null,
        null,
        null,
        1,
        null,
        null,
        null,
        1,
        0,
        null,
        null,
        null,
        1,
        null,
        null,
        null,
        null,
        1,
        0,
        null,
        0,
        0,
        0,
        0,
        null,
        0,
        0,
        null,
        null,
        null,
        null,
        null,
        null,
        1,
        0,
        0,
        0,
        0,
        null,
        0,
        0,
        null,
        null,
        null,
        null,
        null,
        null,
        1,
        0,
        0,
        0,
        0,
        null,
        null,
        null,
        1,
        null,
        null,
        1,
        1,
        null,
        null,
        null,
        1,
        0,
        null,
        null,
        null,
        null,
        null,
        null,
        null,
        null,
        null,
        null,
        null,
        null,
        null,
        null,
        null,
        null,
        null
      ],
      "/Users/elina/RubyOnRails/ratebeer/lib/beermapping_api.rb": [
        1,
        1,
        null,
        null,
        null,
        null,
        null,
        null,
        null,
        null,
        null,
        6,
        11,
        null,
        null,
        1,
        5,
        null,
        5,
        5,
        null,
        5,
        null,
        4,
        4,
        8,
        null,
        null,
        null,
        1,
        5,
        null,
        5,
        null,
        null
      ],
      "/Users/elina/RubyOnRails/ratebeer/app/models/place.rb": [
        1,
        1,
        0,
        null,
        null
      ],
      "/Users/elina/RubyOnRails/ratebeer/app/controllers/places_controller.rb": [
        1,
        1,
        null,
        null,
        1,
        null,
        0,
        null,
        null,
        1,
        null,
        3,
        3,
        3,
        1,
        null,
        2,
        null,
        null,
        null
      ],
      "/Users/elina/RubyOnRails/ratebeer/app/controllers/ratings_controller.rb": [
        1,
        1,
        1,
        null,
        null,
        1,
        1,
        1,
        null,
        null,
        1,
        null,
        null,
        1,
        1,
        1,
        0,
        1,
        1,
        1,
        null,
        0,
        0,
        null,
        null,
        null,
        1,
        1,
        1,
        1,
        null,
        null
      ],
      "/Users/elina/RubyOnRails/ratebeer/app/mailers/application_mailer.rb": [
        0,
        0,
        0,
        0
      ],
      "/Users/elina/RubyOnRails/ratebeer/app/jobs/application_job.rb": [
        0,
        0
      ],
      "/Users/elina/RubyOnRails/ratebeer/app/controllers/memberships_controller.rb": [
        0,
        0,
        null,
        null,
        null,
        0,
        0,
        0,
        null,
        null,
        null,
        0,
        0,
        null,
        null,
        0,
        0,
        0,
        0,
        0,
        null,
        null,
        0,
        0,
        null,
        null,
        null,
        0,
        0,
        0,
        0,
        null,
        0,
        0,
        0,
        0,
        0,
        0,
        0,
        0,
        0,
        0,
        null,
        null,
        null,
        0,
        0,
        0,
        0,
        0,
        0,
        0,
        0,
        0,
        0,
        0,
        null,
        null,
        null,
        0,
        0,
        0,
        0,
        0,
        0,
        0,
        0,
        0,
        null,
        0,
        null,
        null,
        0,
        0,
        0,
        null,
        null,
        0,
        0,
        0,
        0
      ],
      "/Users/elina/RubyOnRails/ratebeer/app/controllers/beer_clubs_controller.rb": [
        0,
        0,
        0,
        null,
        null,
        null,
        0,
        0,
        0,
        null,
        null,
        null,
        0,
        0,
        0,
        0,
        null,
        0,
        null,
        null,
        0,
        0,
        0,
        null,
        null,
        0,
        0,
        null,
        null,
        null,
        0,
        0,
        null,
        0,
        0,
        0,
        0,
        0,
        0,
        0,
        0,
        0,
        0,
        null,
        null,
        null,
        0,
        0,
        0,
        0,
        0,
        0,
        0,
        0,
        0,
        0,
        0,
        null,
        null,
        null,
        0,
        0,
        0,
        0,
        0,
        0,
        0,
        null,
        0,
        null,
        null,
        0,
        0,
        0,
        null,
        null,
        0,
        0,
        0,
        0
      ],
      "/Users/elina/RubyOnRails/ratebeer/app/channels/application_cable/connection.rb": [
        0,
        0,
        0,
        0
      ],
      "/Users/elina/RubyOnRails/ratebeer/app/channels/application_cable/channel.rb": [
        0,
        0,
        0,
        0
      ]
    },
    "timestamp": 1538731928
  }
}
